Arguments: 
  C:\Program Files\nodejs\node.exe C:\Users\Administrator\AppData\Roaming\npm\node_modules\yarn\bin\yarn.js

PATH: 
  C:\Users\Administrator\bin;C:\Program Files\Git\mingw64\bin;C:\Program Files\Git\usr\local\bin;C:\Program Files\Git\usr\bin;C:\Program Files\Git\usr\bin;C:\Program Files\Git\mingw64\bin;C:\Program Files\Git\usr\bin;C:\Users\Administrator\bin;C:\WINDOWS\system32\WBEM;C:\ProgramData\Oracle\Java\javapath;C:\Program Files (x86)\Common Files\Intel\Shared Libraries\redist\intel64_win\compiler;C:\Program Files (x86)\Common Files\Intel\Shared Libraries\redist\intel64\compiler;C:\WINDOWS\system32;C:\WINDOWS;C:\WINDOWS\System32\Wbem;C:\WINDOWS\System32\WindowsPowerShell\v1.0;C:\Program Files\Git\cmd;C:\WINDOWS\System32\OpenSSH;C:\Program Files\Microsoft VS Code\bin;C:\Users\Administrator\AppData\Roaming\nvm;C:\Program Files\nodejs;C:\Program Files (x86)\Common Files\Autodesk Shared;C:\Program Files\Common Files\Autodesk Shared;C:\Users\Administrator\AppData\Local\Microsoft\WindowsApps;C:\Python27;C:\Users\Administrator\AppData\Roaming\npm;C:\WINDOWS\system32;C:\WINDOWS;C:\WINDOWS\System32\Wbem;C:\WINDOWS\System32\WindowsPowerShell\v1.0;C:\WINDOWS\System32\OpenSSH;C:\Program Files\nodejs;C:\Users\Administrator\AppData\Local\Microsoft\WindowsApps;C:\Program Files\Microsoft VS Code\bin;C:\Python27;C:\Users\Administrator\AppData\Roaming\nvm;C:\Program Files\nodejs;C:\Users\Administrator\AppData\Roaming\npm;C:\Program Files\Git\usr\bin\vendor_perl;C:\Program Files\Git\usr\bin\core_perl

Yarn version: 
  1.3.2

Node version: 
  14.17.0

Platform: 
  win32 x64

npm manifest: 
  {
    "name": "fetch-xhr",
    "version": "0.1.0",
    "description": "xhr fetch request lib",
    "keywords": [
      "react",
      "fetch"
    ],
    "license": "MIT",
    "repository": "https://github.com/leonwgc/fetch-xhr",
    "bugs": {
      "url": "https://github.com/leonwgc/fetch-xhr/issues"
    },
    "main": "dist/index.js",
    "module": "dist/index.esm.js",
    "typings": "types/index.d.ts",
    "scripts": {
      "prepare": "husky install",
      "lint-staged": "lint-staged",
      "type":"tsc",
      "build": "father-build --cjs=rollup --esm=rollup src/index",
      "pub": "bash pub.sh"
    },
    "peerDependencies": {
      "react": ">=16.8.0",
      "react-dom": ">=16.8.0"
    },
    "devDependencies": {
      "@babel/cli": "^7.8.4",
      "@babel/core": "^7.8.7",
      "@babel/plugin-proposal-class-properties": "^7.8.3",
      "@babel/plugin-proposal-decorators": "^7.8.3",
      "@babel/plugin-transform-runtime": "^7.9.6",
      "@babel/preset-env": "^7.8.7",
      "@babel/preset-react": "^7.8.3",
      "@babel/preset-stage-0": "^7.8.3",
      "@babel/preset-typescript": "^7.8.3",
      "@commitlint/cli": "^12.1.1",
      "@commitlint/config-conventional": "^12.1.1",
      "@types/react": "^16.8.2",
      "@types/react-dom": "^16.8.0",
      "@typescript-eslint/eslint-plugin": "^4.22.1",
      "@typescript-eslint/parser": "^4.22.1",
      "babel-eslint": "^10.1.0",
      "eslint": "^6.8.0",
      "eslint-plugin-react": "^7.19.0",
      "eslint-plugin-react-hooks": "^2.5.0",
      "father-build": "^1.19.5",
      "husky": "^6.0.0",
      "lint-staged": "^10.5.4",
      "prettier": "^2.2.1",
      "rimraf": "^3.0.2",
      "typescript": "^4.2.4",
      "yargs": "^15.3.1"
    },
    "files": [
      "dist"
    ],
    "lint-staged": {
      "*.{js,jsx,ts,tsx,json,css,scss,less}": [
        "eslint --cache --fix",
        "prettier --write"
      ]
    },
    "dependencies": {
      "qs": "^6.10.1",
    }
  }

yarn manifest: 
  No manifest

Lockfile: 
  No lockfile

Trace: 
  SyntaxError: D:\fetch-xhr\package.json: Unexpected token } in JSON at position 1818
      at JSON.parse (<anonymous>)
      at C:\Users\Administrator\AppData\Roaming\npm\node_modules\yarn\lib\cli.js:770:59
      at Generator.next (<anonymous>)
      at step (C:\Users\Administrator\AppData\Roaming\npm\node_modules\yarn\lib\cli.js:92:30)
      at C:\Users\Administrator\AppData\Roaming\npm\node_modules\yarn\lib\cli.js:103:13
